#
# There is insufficient memory for the Java Runtime Environment to continue.
# Native memory allocation (malloc) failed to allocate 1706416 bytes for Chunk::new
# Possible reasons:
#   The system is out of physical RAM or swap space
#   In 32 bit mode, the process size limit was hit
# Possible solutions:
#   Reduce memory load on the system
#   Increase physical memory or swap space
#   Check if swap backing store is full
#   Use 64 bit Java on a 64 bit OS
#   Decrease Java heap size (-Xmx/-Xms)
#   Decrease number of Java threads
#   Decrease Java thread stack sizes (-Xss)
#   Set larger code cache with -XX:ReservedCodeCacheSize=
# This output file may be truncated or incomplete.
#
#  Out of Memory Error (allocation.cpp:390), pid=6552, tid=11008
#
# JRE version: Java(TM) SE Runtime Environment (8.0_20-b26) (build 1.8.0_20-b26)
# Java VM: Java HotSpot(TM) 64-Bit Server VM (25.20-b23 mixed mode windows-amd64 compressed oops)
# Failed to write core dump. Minidumps are not enabled by default on client versions of Windows
#

---------------  T H R E A D  ---------------

Current thread (0x0000000016420800):  JavaThread "C2 CompilerThread1" daemon [_thread_in_native, id=11008, stack(0x0000000016820000,0x0000000016920000)]

Stack: [0x0000000016820000,0x0000000016920000]
Native frames: (J=compiled Java code, j=interpreted, Vv=VM code, C=native code)
V  [jvm.dll+0x3152fa]
V  [jvm.dll+0x265d03]
V  [jvm.dll+0x266943]
V  [jvm.dll+0x25e265]
V  [jvm.dll+0xbe255]
V  [jvm.dll+0xbe6fc]
V  [jvm.dll+0x45c472]
V  [jvm.dll+0x49d76f]
V  [jvm.dll+0x451911]
V  [jvm.dll+0x452634]
V  [jvm.dll+0x435fc2]
V  [jvm.dll+0x97b62]
V  [jvm.dll+0x98353]
V  [jvm.dll+0x22aac4]
V  [jvm.dll+0x283f5a]
C  [msvcr100.dll+0x21d9f]
C  [msvcr100.dll+0x21e3b]
C  [KERNEL32.DLL+0x18102]
C  [ntdll.dll+0x5c5b4]


Current CompileTask:
C2:   2312 1337   !   4       com.android.dx.cf.cst.ConstantPoolParser::parse0 (731 bytes)


---------------  P R O C E S S  ---------------

Java Threads: ( => current thread )
  0x0000000016701800 JavaThread "pool-2-thread-4" [_thread_in_Java, id=3596, stack(0x0000000017820000,0x0000000017920000)]
  0x0000000016701000 JavaThread "pool-2-thread-3" [_thread_blocked, id=10600, stack(0x0000000017720000,0x0000000017820000)]
  0x0000000016700000 JavaThread "pool-2-thread-2" [_thread_blocked, id=9396, stack(0x0000000017620000,0x0000000017720000)]
  0x00000000166fe800 JavaThread "pool-3-thread-1" [_thread_blocked, id=10056, stack(0x0000000017520000,0x0000000017620000)]
  0x0000000016768800 JavaThread "pool-2-thread-1" [_thread_in_Java, id=8908, stack(0x0000000017420000,0x0000000017520000)]
  0x000000001647b800 JavaThread "Service Thread" daemon [_thread_blocked, id=9528, stack(0x0000000016a20000,0x0000000016b20000)]
  0x000000001646e800 JavaThread "C1 CompilerThread2" daemon [_thread_blocked, id=5368, stack(0x0000000016920000,0x0000000016a20000)]
=>0x0000000016420800 JavaThread "C2 CompilerThread1" daemon [_thread_in_native, id=11008, stack(0x0000000016820000,0x0000000016920000)]
  0x0000000014e2b000 JavaThread "C2 CompilerThread0" daemon [_thread_in_native, id=10764, stack(0x0000000016320000,0x0000000016420000)]
  0x0000000014e29800 JavaThread "Attach Listener" daemon [_thread_blocked, id=9960, stack(0x0000000016220000,0x0000000016320000)]
  0x0000000014dde800 JavaThread "Signal Dispatcher" daemon [_thread_blocked, id=10960, stack(0x0000000016120000,0x0000000016220000)]
  0x00000000026ef800 JavaThread "Finalizer" daemon [_thread_blocked, id=6920, stack(0x0000000016020000,0x0000000016120000)]
  0x00000000026ee800 JavaThread "Reference Handler" daemon [_thread_blocked, id=9068, stack(0x0000000015f20000,0x0000000016020000)]
  0x0000000002601000 JavaThread "main" [_thread_in_Java, id=4424, stack(0x0000000002500000,0x0000000002600000)]

Other Threads:
  0x0000000014d96000 VMThread [stack: 0x0000000015e20000,0x0000000015f20000] [id=9556]
  0x000000001647d800 WatcherThread [stack: 0x0000000016b20000,0x0000000016c20000] [id=2828]

VM state:not at safepoint (normal execution)

VM Mutex/Monitor currently owned by a thread: None

Heap:
 PSYoungGen      total 38400K, used 16618K [0x00000000eab00000, 0x00000000ef600000, 0x0000000100000000)
  eden space 33280K, 34% used [0x00000000eab00000,0x00000000eb63fde8,0x00000000ecb80000)
  from space 5120K, 99% used [0x00000000ecb80000,0x00000000ed07aa40,0x00000000ed080000)
  to   space 5120K, 0% used [0x00000000ef100000,0x00000000ef100000,0x00000000ef600000)
 ParOldGen       total 87552K, used 1072K [0x00000000c0000000, 0x00000000c5580000, 0x00000000eab00000)
  object space 87552K, 1% used [0x00000000c0000000,0x00000000c010c280,0x00000000c5580000)
 Metaspace       used 6100K, capacity 7024K, committed 7296K, reserved 1056768K
  class space    used 595K, capacity 616K, committed 640K, reserved 1048576K

Card table byte_map: [0x0000000011ac0000,0x0000000011cd0000] byte_map_base: 0x00000000114c0000

Marking Bits: (ParMarkBitMap*) 0x0000000077f7b460
 Begin Bits: [0x0000000012230000, 0x0000000013230000)
 End Bits:   [0x0000000013230000, 0x0000000014230000)

Polling page: 0x0000000002260000

CodeCache: size=245760Kb used=5603Kb max_used=5603Kb free=240156Kb
 bounds [0x0000000002700000, 0x0000000002c80000, 0x0000000011700000]
 total_blobs=1677 nmethods=1411 adapters=180
 compilation: enabled

Compilation events (10 events):
Event: 2.246 Thread 0x000000001646e800 1412       3       java.util.concurrent.locks.AbstractQueuedSynchronizer::setState (6 bytes)
Event: 2.247 Thread 0x000000001646e800 nmethod 1412 0x0000000002c66690 code [0x0000000002c667e0, 0x0000000002c66930]
Event: 2.253 Thread 0x000000001646e800 1413       3       java.util.concurrent.locks.AbstractQueuedSynchronizer::release (33 bytes)
Event: 2.253 Thread 0x000000001646e800 nmethod 1413 0x0000000002c6b010 code [0x0000000002c6b180, 0x0000000002c6b498]
Event: 2.253 Thread 0x000000001646e800 1414       3       java.util.concurrent.locks.AbstractOwnableSynchronizer::setExclusiveOwnerThread (6 bytes)
Event: 2.254 Thread 0x000000001646e800 nmethod 1414 0x0000000002c6acd0 code [0x0000000002c6ae20, 0x0000000002c6af90]
Event: 2.254 Thread 0x000000001646e800 1415       3       java.util.concurrent.locks.AbstractQueuedSynchronizer::compareAndSetState (13 bytes)
Event: 2.254 Thread 0x000000001646e800 nmethod 1415 0x0000000002c6a990 code [0x0000000002c6aae0, 0x0000000002c6ac50]
Event: 2.254 Thread 0x000000001646e800 1416       3       java.lang.Thread::interrupted (8 bytes)
Event: 2.254 Thread 0x000000001646e800 nmethod 1416 0x0000000002c6a5d0 code [0x0000000002c6a740, 0x0000000002c6a8c8]

GC Heap History (2 events):
Event: 1.959 GC heap before
{Heap before GC invocations=1 (full 0):
 PSYoungGen      total 38400K, used 33280K [0x00000000eab00000, 0x00000000ed580000, 0x0000000100000000)
  eden space 33280K, 100% used [0x00000000eab00000,0x00000000ecb80000,0x00000000ecb80000)
  from space 5120K, 0% used [0x00000000ed080000,0x00000000ed080000,0x00000000ed580000)
  to   space 5120K, 0% used [0x00000000ecb80000,0x00000000ecb80000,0x00000000ed080000)
 ParOldGen       total 87552K, used 0K [0x00000000c0000000, 0x00000000c5580000, 0x00000000eab00000)
  object space 87552K, 0% used [0x00000000c0000000,0x00000000c0000000,0x00000000c5580000)
 Metaspace       used 5988K, capacity 6896K, committed 7040K, reserved 1056768K
  class space    used 595K, capacity 616K, committed 640K, reserved 1048576K
Event: 1.998 GC heap after
Heap after GC invocations=1 (full 0):
 PSYoungGen      total 38400K, used 5098K [0x00000000eab00000, 0x00000000ef600000, 0x0000000100000000)
  eden space 33280K, 0% used [0x00000000eab00000,0x00000000eab00000,0x00000000ecb80000)
  from space 5120K, 99% used [0x00000000ecb80000,0x00000000ed07aa40,0x00000000ed080000)
  to   space 5120K, 0% used [0x00000000ef100000,0x00000000ef100000,0x00000000ef600000)
 ParOldGen       total 87552K, used 1072K [0x00000000c0000000, 0x00000000c5580000, 0x00000000eab00000)
  object space 87552K, 1% used [0x00000000c0000000,0x00000000c010c280,0x00000000c5580000)
 Metaspace       used 5988K, capacity 6896K, committed 7040K, reserved 1056768K
  class space    used 595K, capacity 616K, committed 640K, reserved 1048576K
}

Deoptimization events (5 events):
Event: 1.286 Thread 0x0000000016768800 Uncommon trap: reason=null_check action=make_not_entrant pc=0x00000000029f7330 method=com.android.dx.rop.type.Type.equals(Ljava/lang/Object;)Z @ 8
Event: 1.299 Thread 0x0000000016768800 Uncommon trap: reason=class_check action=maybe_recompile pc=0x0000000002a0c5f0 method=com.android.dx.rop.type.Type.equals(Ljava/lang/Object;)Z @ 8
Event: 1.301 Thread 0x0000000016768800 Uncommon trap: reason=class_check action=maybe_recompile pc=0x0000000002a0c5f0 method=com.android.dx.rop.type.Type.equals(Ljava/lang/Object;)Z @ 8
Event: 1.302 Thread 0x0000000016768800 Uncommon trap: reason=class_check action=maybe_recompile pc=0x0000000002a0c5f0 method=com.android.dx.rop.type.Type.equals(Ljava/lang/Object;)Z @ 8
Event: 1.304 Thread 0x0000000016700000 Uncommon trap: reason=class_check action=maybe_recompile pc=0x0000000002a0c5f0 method=com.android.dx.rop.type.Type.equals(Ljava/lang/Object;)Z @ 8

Internal exceptions (10 events):
Event: 1.081 Thread 0x0000000016768800 Exception <a 'java/security/PrivilegedActionException'> (0x00000000eb69cb78) thrown at [D:\re\workspace\8-2-build-windows-amd64-cygwin\jdk8u20\1074\hotspot\src\share\vm\prims\jvm.cpp, line 1275]
Event: 1.082 Thread 0x0000000016768800 Exception <a 'java/security/PrivilegedActionException'> (0x00000000eb6a2678) thrown at [D:\re\workspace\8-2-build-windows-amd64-cygwin\jdk8u20\1074\hotspot\src\share\vm\prims\jvm.cpp, line 1275]
Event: 1.083 Thread 0x0000000016768800 Exception <a 'java/security/PrivilegedActionException'> (0x00000000eb6a7f20) thrown at [D:\re\workspace\8-2-build-windows-amd64-cygwin\jdk8u20\1074\hotspot\src\share\vm\prims\jvm.cpp, line 1275]
Event: 1.090 Thread 0x0000000002601000 Exception <a 'java/security/PrivilegedActionException'> (0x00000000ebbadd98) thrown at [D:\re\workspace\8-2-build-windows-amd64-cygwin\jdk8u20\1074\hotspot\src\share\vm\prims\jvm.cpp, line 1275]
Event: 1.145 Thread 0x0000000016700000 Exception <a 'java/security/PrivilegedActionException'> (0x00000000ebeccf10) thrown at [D:\re\workspace\8-2-build-windows-amd64-cygwin\jdk8u20\1074\hotspot\src\share\vm\prims\jvm.cpp, line 1275]
Event: 1.153 Thread 0x0000000016701000 Exception <a 'java/security/PrivilegedActionException'> (0x00000000ebe33b68) thrown at [D:\re\workspace\8-2-build-windows-amd64-cygwin\jdk8u20\1074\hotspot\src\share\vm\prims\jvm.cpp, line 1275]
Event: 1.275 Thread 0x0000000016768800 Exception <a 'java/security/PrivilegedActionException'> (0x00000000ebfbe348) thrown at [D:\re\workspace\8-2-build-windows-amd64-cygwin\jdk8u20\1074\hotspot\src\share\vm\prims\jvm.cpp, line 1275]
Event: 1.286 Thread 0x0000000016768800 Implicit null exception at 0x00000000029f7222 to 0x00000000029f7321
Event: 1.428 Thread 0x0000000016768800 Exception <a 'java/security/PrivilegedActionException'> (0x00000000ec29c628) thrown at [D:\re\workspace\8-2-build-windows-amd64-cygwin\jdk8u20\1074\hotspot\src\share\vm\prims\jvm.cpp, line 1275]
Event: 1.429 Thread 0x0000000016701000 Exception <a 'java/security/PrivilegedActionException'> (0x00000000ec1fc020) thrown at [D:\re\workspace\8-2-build-windows-amd64-cygwin\jdk8u20\1074\hotspot\src\share\vm\prims\jvm.cpp, line 1275]

Events (10 events):
Event: 1.428 loading class com/android/dx/dex/file/FieldAnnotationStruct
Event: 1.428 loading class com/android/dx/dex/file/FieldAnnotationStruct done
Event: 1.428 loading class com/android/dx/cf/code/SwitchList
Event: 1.428 loading class com/android/dx/cf/code/SwitchList done
Event: 1.445 loading class java/util/DualPivotQuicksort
Event: 1.445 loading class java/util/DualPivotQuicksort done
Event: 1.861 Executing VM operation: ParallelGCFailedAllocation
Event: 1.998 Executing VM operation: ParallelGCFailedAllocation done
Event: 1.998 loading class sun/misc/Cleaner
Event: 1.998 loading class sun/misc/Cleaner done


Dynamic libraries:
0x00007ff6f8c90000 - 0x00007ff6f8cc4000 	C:\Program Files\Java\jdk1.8.0_20\bin\java.exe
0x00007fffd4700000 - 0x00007fffd48c1000 	C:\WINDOWS\SYSTEM32\ntdll.dll
0x00007fffd2140000 - 0x00007fffd21ed000 	C:\WINDOWS\system32\KERNEL32.DLL
0x00007fffd0e70000 - 0x00007fffd1058000 	C:\WINDOWS\system32\KERNELBASE.dll
0x00007fffd3d10000 - 0x00007fffd3db7000 	C:\WINDOWS\system32\ADVAPI32.dll
0x00007fffd37b0000 - 0x00007fffd384d000 	C:\WINDOWS\system32\msvcrt.dll
0x00007fffd21f0000 - 0x00007fffd224b000 	C:\WINDOWS\system32\sechost.dll
0x00007fffd3bf0000 - 0x00007fffd3d0c000 	C:\WINDOWS\system32\RPCRT4.dll
0x00007fffd3930000 - 0x00007fffd3a86000 	C:\WINDOWS\system32\USER32.dll
0x00007fffd4220000 - 0x00007fffd43a6000 	C:\WINDOWS\system32\GDI32.dll
0x00007fffccea0000 - 0x00007fffcd114000 	C:\WINDOWS\WinSxS\amd64_microsoft.windows.common-controls_6595b64144ccf1df_6.0.10586.0_none_8c15ae12515e1c22\COMCTL32.dll
0x00007fffd3fa0000 - 0x00007fffd421d000 	C:\WINDOWS\system32\combase.dll
0x00007fffd1880000 - 0x00007fffd18ea000 	C:\WINDOWS\system32\bcryptPrimitives.dll
0x00007fffd46b0000 - 0x00007fffd46eb000 	C:\WINDOWS\system32\IMM32.DLL
0x00007fffd0c10000 - 0x00007fffd0c41000 	C:\Windows\system32\nvinitx.dll
0x00007fffd0c00000 - 0x00007fffd0c0a000 	C:\WINDOWS\SYSTEM32\VERSION.dll
0x00000000519b0000 - 0x00000000519b6000 	C:\Program Files\NVIDIA Corporation\CoProcManager\_etoured.dll
0x00007fffce4c0000 - 0x00007fffce4f3000 	C:\Program Files\NVIDIA Corporation\CoProcManager\nvd3d9wrapx.dll
0x00007fffd1d10000 - 0x00007fffd2139000 	C:\WINDOWS\system32\SETUPAPI.dll
0x00007fffd18f0000 - 0x00007fffd1933000 	C:\WINDOWS\system32\CFGMGR32.dll
0x00007fffce490000 - 0x00007fffce4b2000 	C:\Program Files\NVIDIA Corporation\CoProcManager\nvdxgiwrapx.dll
0x0000000075810000 - 0x00000000758e2000 	C:\Program Files\Java\jdk1.8.0_20\jre\bin\msvcr100.dll
0x00000000777a0000 - 0x0000000077ff8000 	C:\Program Files\Java\jdk1.8.0_20\jre\bin\server\jvm.dll
0x00007fffd3920000 - 0x00007fffd3928000 	C:\WINDOWS\system32\PSAPI.DLL
0x00007fffcee80000 - 0x00007fffcee89000 	C:\WINDOWS\SYSTEM32\WSOCK32.dll
0x00007fffd4640000 - 0x00007fffd46ab000 	C:\WINDOWS\system32\WS2_32.dll
0x00007fffcef60000 - 0x00007fffcef83000 	C:\WINDOWS\SYSTEM32\WINMM.dll
0x00007fffcef30000 - 0x00007fffcef5c000 	C:\WINDOWS\SYSTEM32\WINMMBASE.dll
0x0000000050360000 - 0x000000005036f000 	C:\Program Files\Java\jdk1.8.0_20\jre\bin\verify.dll
0x0000000050330000 - 0x0000000050358000 	C:\Program Files\Java\jdk1.8.0_20\jre\bin\java.dll
0x0000000050310000 - 0x0000000050326000 	C:\Program Files\Java\jdk1.8.0_20\jre\bin\zip.dll
0x00007fffd2250000 - 0x00007fffd37ac000 	C:\WINDOWS\system32\SHELL32.dll
0x00007fffd1060000 - 0x00007fffd16a4000 	C:\WINDOWS\system32\windows.storage.dll
0x00007fffd38b0000 - 0x00007fffd3902000 	C:\WINDOWS\system32\shlwapi.dll
0x00007fffd0d90000 - 0x00007fffd0d9f000 	C:\WINDOWS\system32\kernel.appcore.dll
0x0000000002310000 - 0x00000000023c5000 	C:\WINDOWS\system32\shcore.dll
0x00007fffd0d40000 - 0x00007fffd0d8b000 	C:\WINDOWS\system32\powrprof.dll
0x00007fffd0d20000 - 0x00007fffd0d34000 	C:\WINDOWS\system32\profapi.dll
0x00007fffb66a0000 - 0x00007fffb682c000 	C:\WINDOWS\SYSTEM32\dbghelp.dll

VM Arguments:
jvm_args: -Djava.awt.headless=true -Xmx1024M -Dfile.encoding=GBK -Duser.country=CN -Duser.language=zh -Duser.variant 
java_command: com.android.dx.command.Main --dex --force-jumbo --num-threads=4 --multi-dex --output D:\MyAndroidProject\WidgetDemo\app\build\intermediates\transforms\dex\debug\folders\1000\10\com.android.support-appcompat-v7-23.3.0_8de7b040d6b924c8c18cad3f928d51ca1cc4e2ed D:\MyAndroidProject\WidgetDemo\app\build\intermediates\exploded-aar\com.android.support\appcompat-v7\23.3.0\jars\classes.jar
java_class_path (initial): F:\Users\Administrator\AppData\Local\Android\sdk\build-tools\23.0.2\lib\dx.jar
Launcher Type: SUN_STANDARD

Environment Variables:
JAVA_HOME=C:\Program Files\Java\jdk1.8.0_20
CLASSPATH=.;C:\Program Files\Java\jdk1.8.0_20\lib\dt.jar;C:\Program Files\Java\jdk1.8.0_20\lib\tools.jar
PATH=C:\ProgramData\Oracle\Java\javapath;C:\WINDOWS\system32;C:\WINDOWS;C:\WINDOWS\System32\Wbem;C:\WINDOWS\System32\WindowsPowerShell\v1.0\;C:\Program Files\Java\jdk1.8.0_20\bin;C:\Program Files\Java\jdk1.8.0_20\jre\bin;D:\android-studio\gradle\gradle-2.10\bin;C:\Program Files (x86)\NVIDIA Corporation\PhysX\Common;C:\Program Files\Git\cmd
USERNAME=Administrator
OS=Windows_NT
PROCESSOR_IDENTIFIER=Intel64 Family 6 Model 58 Stepping 9, GenuineIntel



---------------  S Y S T E M  ---------------

OS: Windows 8.1 , 64 bit Build 9600 

CPU:total 4 (2 cores per cpu, 2 threads per core) family 6 model 58 stepping 9, cmov, cx8, fxsr, mmx, sse, sse2, sse3, ssse3, sse4.1, sse4.2, popcnt, avx, aes, clmul, erms, ht, tsc, tscinvbit, tscinv

Memory: 4k page, physical 8271552k(1385972k free), swap 10114752k(5696k free)

vm_info: Java HotSpot(TM) 64-Bit Server VM (25.20-b23) for windows-amd64 JRE (1.8.0_20-b26), built on Jul 30 2014 13:51:23 by "java_re" with MS VC++ 10.0 (VS2010)

time: Sun May 22 16:41:49 2016
elapsed time: 2 seconds (0d 0h 0m 2s)

